Determining if the pthread_create exist failed with the following output:
Change Dir: /mnt/data/Documents/Dropbox/_MyDocs/_ku_leuven/Master/CUDA/Projects/HDR2/build/CMakeFiles/CMakeTmp

Run Build Command:"/usr/bin/make" "cmTC_8df68/fast"
/usr/bin/make -f CMakeFiles/cmTC_8df68.dir/build.make CMakeFiles/cmTC_8df68.dir/build
make[1]: Entering directory '/mnt/data/Documents/Dropbox/_MyDocs/_ku_leuven/Master/CUDA/Projects/HDR2/build/CMakeFiles/CMakeTmp'
Building C object CMakeFiles/cmTC_8df68.dir/CheckSymbolExists.c.o
/usr/bin/cc    -fPIC    -o CMakeFiles/cmTC_8df68.dir/CheckSymbolExists.c.o   -c /mnt/data/Documents/Dropbox/_MyDocs/_ku_leuven/Master/CUDA/Projects/HDR2/build/CMakeFiles/CMakeTmp/CheckSymbolExists.c
Linking C executable cmTC_8df68
/usr/bin/cmake -E cmake_link_script CMakeFiles/cmTC_8df68.dir/link.txt --verbose=1
/usr/bin/cc  -fPIC     CMakeFiles/cmTC_8df68.dir/CheckSymbolExists.c.o  -o cmTC_8df68 -rdynamic 
CMakeFiles/cmTC_8df68.dir/CheckSymbolExists.c.o: In function `main':
CheckSymbolExists.c:(.text+0x1b): undefined reference to `pthread_create'
collect2: error: ld returned 1 exit status
CMakeFiles/cmTC_8df68.dir/build.make:97: recipe for target 'cmTC_8df68' failed
make[1]: *** [cmTC_8df68] Error 1
make[1]: Leaving directory '/mnt/data/Documents/Dropbox/_MyDocs/_ku_leuven/Master/CUDA/Projects/HDR2/build/CMakeFiles/CMakeTmp'
Makefile:126: recipe for target 'cmTC_8df68/fast' failed
make: *** [cmTC_8df68/fast] Error 2

File /mnt/data/Documents/Dropbox/_MyDocs/_ku_leuven/Master/CUDA/Projects/HDR2/build/CMakeFiles/CMakeTmp/CheckSymbolExists.c:
/* */
#include <pthread.h>

int main(int argc, char** argv)
{
  (void)argv;
#ifndef pthread_create
  return ((int*)(&pthread_create))[argc];
#else
  (void)argc;
  return 0;
#endif
}

Determining if the function pthread_create exists in the pthreads failed with the following output:
Change Dir: /mnt/data/Documents/Dropbox/_MyDocs/_ku_leuven/Master/CUDA/Projects/HDR2/build/CMakeFiles/CMakeTmp

Run Build Command:"/usr/bin/make" "cmTC_289af/fast"
/usr/bin/make -f CMakeFiles/cmTC_289af.dir/build.make CMakeFiles/cmTC_289af.dir/build
make[1]: Entering directory '/mnt/data/Documents/Dropbox/_MyDocs/_ku_leuven/Master/CUDA/Projects/HDR2/build/CMakeFiles/CMakeTmp'
Building C object CMakeFiles/cmTC_289af.dir/CheckFunctionExists.c.o
/usr/bin/cc    -fPIC -DCHECK_FUNCTION_EXISTS=pthread_create   -o CMakeFiles/cmTC_289af.dir/CheckFunctionExists.c.o   -c /usr/share/cmake-3.5/Modules/CheckFunctionExists.c
Linking C executable cmTC_289af
/usr/bin/cmake -E cmake_link_script CMakeFiles/cmTC_289af.dir/link.txt --verbose=1
/usr/bin/cc  -fPIC -DCHECK_FUNCTION_EXISTS=pthread_create    CMakeFiles/cmTC_289af.dir/CheckFunctionExists.c.o  -o cmTC_289af -rdynamic -lpthreads 
/usr/bin/ld: cannot find -lpthreads
collect2: error: ld returned 1 exit status
CMakeFiles/cmTC_289af.dir/build.make:97: recipe for target 'cmTC_289af' failed
make[1]: *** [cmTC_289af] Error 1
make[1]: Leaving directory '/mnt/data/Documents/Dropbox/_MyDocs/_ku_leuven/Master/CUDA/Projects/HDR2/build/CMakeFiles/CMakeTmp'
Makefile:126: recipe for target 'cmTC_289af/fast' failed
make: *** [cmTC_289af/fast] Error 2


